458672 at 1
1
874841 at 399
399
505918 at 200
200
264099 at 100
100
24271 at 299
299
631806 at 150
150
636813 at 349
349
32472 at 50
50
556056 at 249
249
200 left
50 left
923674 at 50
50
452564 at 199
199
199 left
349 left
50 left
299 left
150 left
572605 at 324
324
189265 at 174
174
174 left
538450 at 174
174
91593 at 50
50
725408 at 137
137
665836 at 211
211
137 left
419155 at 137
137
50 left
382921 at 50
50
121450 at 286
286
100 left
50 left
1 left
137 left
211 left
560787 at 1
1
174 left
142666 at 125
125
324 left
249 left
341085 at 205
205
205 left
125 left
917051 at 143
143
1 left
661687 at 1
1
399 left
143 left
286 left
186609 at 399
399
